[33m[NOTE][m Installing golang ...
Last metadata expiration check: 0:18:24 ago on Sat 04 May 2024 09:26:55 AM EDT.
Last metadata expiration check: 0:18:24 ago on Sat 04 May 2024 09:26:55 AM EDT.
Dependencies resolved.
Dependencies resolved.
================================================================================
 Package                Arch        Version                  Repository    Size
================================================================================
Installing:
 golang                 x86_64      1.22.2-1.fc40            updates      667 k
Installing dependencies:
 apr                    x86_64      1.7.3-8.fc40             fedora       128 k
 apr-util               x86_64      1.6.3-16.fc40            fedora        97 k
 gcc                    x86_64      14.0.1-0.15.fc40         fedora        37 M
 glibc-devel            x86_64      2.39-8.fc40              updates      115 k
 glibc-headers-x86      noarch      2.39-8.fc40              updates      605 k
 go-filesystem          x86_64      3.5.0-1.fc40             fedora       8.8 k
 golang-bin             x86_64      1.22.2-1.fc40            updates       26 M
 golang-src             noarch      1.22.2-1.fc40            updates       12 M
 guile30                x86_64      3.0.7-12.fc40            fedora       8.1 M
 kernel-headers         x86_64      6.8.3-300.fc40           fedora       1.6 M
 libserf                x86_64      1.3.10-5.fc40            fedora        59 k
 libxcrypt-devel        x86_64      4.4.36-5.fc40            fedora        29 k
 make                   x86_64      1:4.4.1-6.fc40           fedora       588 k
 re2                    x86_64      1:20220601-5.fc40        fedora       206 k
 subversion-libs        x86_64      1.14.3-5.fc40            fedora       1.5 M
 utf8proc               x86_64      2.7.0-7.fc40             fedora        80 k
Installing weak dependencies:
 apr-util-lmdb          x86_64      1.6.3-16.fc40            fedora        14 k
 apr-util-openssl       x86_64      1.6.3-16.fc40            fedora        16 k
 mercurial              x86_64      6.7.2-3.fc40             updates      6.4 M
 python3-fb-re2         x86_64      1.0.7-15.fc40            fedora        23 k
 subversion             x86_64      1.14.3-5.fc40            fedora       1.0 M

Transaction Summary
================================================================================
Install  22 Packages

================================================================================
 Package                Arch        Version                  Repository    Size
================================================================================
Installing:
 golang                 x86_64      1.22.2-1.fc40            updates      667 k
Installing dependencies:
 apr                    x86_64      1.7.3-8.fc40             fedora       128 k
 apr-util               x86_64      1.6.3-16.fc40            fedora        97 k
 gcc                    x86_64      14.0.1-0.15.fc40         fedora        37 M
 glibc-devel            x86_64      2.39-8.fc40              updates      115 k
 glibc-headers-x86      noarch      2.39-8.fc40              updates      605 k
 go-filesystem          x86_64      3.5.0-1.fc40             fedora       8.8 k
 golang-bin             x86_64      1.22.2-1.fc40            updates       26 M
 golang-src             noarch      1.22.2-1.fc40            updates       12 M
 guile30                x86_64      3.0.7-12.fc40            fedora       8.1 M
 kernel-headers         x86_64      6.8.3-300.fc40           fedora       1.6 M
 libserf                x86_64      1.3.10-5.fc40            fedora        59 k
 libxcrypt-devel        x86_64      4.4.36-5.fc40            fedora        29 k
 make                   x86_64      1:4.4.1-6.fc40           fedora       588 k
 re2                    x86_64      1:20220601-5.fc40        fedora       206 k
 subversion-libs        x86_64      1.14.3-5.fc40            fedora       1.5 M
 utf8proc               x86_64      2.7.0-7.fc40             fedora        80 k
Installing weak dependencies:
 apr-util-lmdb          x86_64      1.6.3-16.fc40            fedora        14 k
 apr-util-openssl       x86_64      1.6.3-16.fc40            fedora        16 k
 mercurial              x86_64      6.7.2-3.fc40             updates      6.4 M
 python3-fb-re2         x86_64      1.0.7-15.fc40            fedora        23 k
 subversion             x86_64      1.14.3-5.fc40            fedora       1.0 M

Transaction Summary
================================================================================
Install  22 Packages

Total download size: 96 M
Total download size: 96 M
Installed size: 391 M
Installed size: 391 M
Downloading Packages:
Downloading Packages:
(1/22): apr-util-openssl-1.6.3-16.fc40.x86_64.r  33 kB/s |  16 kB     00:00    
(1/22): apr-util-openssl-1.6.3-16.fc40.x86_64.r  33 kB/s |  16 kB     00:00    
(2/22): apr-util-lmdb-1.6.3-16.fc40.x86_64.rpm   26 kB/s |  14 kB     00:00    
(2/22): apr-util-lmdb-1.6.3-16.fc40.x86_64.rpm   26 kB/s |  14 kB     00:00    
(3/22): go-filesystem-3.5.0-1.fc40.x86_64.rpm    37 kB/s | 8.8 kB     00:00    
(3/22): go-filesystem-3.5.0-1.fc40.x86_64.rpm    37 kB/s | 8.8 kB     00:00    
(4/22): apr-util-1.6.3-16.fc40.x86_64.rpm        99 kB/s |  97 kB     00:00    
(4/22): apr-util-1.6.3-16.fc40.x86_64.rpm        99 kB/s |  97 kB     00:00    
(5/22): apr-1.7.3-8.fc40.x86_64.rpm             124 kB/s | 128 kB     00:01    
(5/22): apr-1.7.3-8.fc40.x86_64.rpm             124 kB/s | 128 kB     00:01    
(6/22): libxcrypt-devel-4.4.36-5.fc40.x86_64.rp 114 kB/s |  29 kB     00:00    
(6/22): libxcrypt-devel-4.4.36-5.fc40.x86_64.rp 114 kB/s |  29 kB     00:00    
(7/22): libserf-1.3.10-5.fc40.x86_64.rpm        133 kB/s |  59 kB     00:00    
(7/22): libserf-1.3.10-5.fc40.x86_64.rpm        133 kB/s |  59 kB     00:00    
(8/22): python3-fb-re2-1.0.7-15.fc40.x86_64.rpm 101 kB/s |  23 kB     00:00    
(8/22): python3-fb-re2-1.0.7-15.fc40.x86_64.rpm 101 kB/s |  23 kB     00:00    
(9/22): re2-20220601-5.fc40.x86_64.rpm          175 kB/s | 206 kB     00:01    
(9/22): re2-20220601-5.fc40.x86_64.rpm          175 kB/s | 206 kB     00:01    
(10/22): make-4.4.1-6.fc40.x86_64.rpm           250 kB/s | 588 kB     00:02    
(10/22): make-4.4.1-6.fc40.x86_64.rpm           250 kB/s | 588 kB     00:02    
(11/22): kernel-headers-6.8.3-300.fc40.x86_64.r 250 kB/s | 1.6 MB     00:06    
(11/22): kernel-headers-6.8.3-300.fc40.x86_64.r 250 kB/s | 1.6 MB     00:06    
(12/22): subversion-1.14.3-5.fc40.x86_64.rpm    232 kB/s | 1.0 MB     00:04    
(12/22): subversion-1.14.3-5.fc40.x86_64.rpm    232 kB/s | 1.0 MB     00:04    
(13/22): utf8proc-2.7.0-7.fc40.x86_64.rpm       172 kB/s |  80 kB     00:00    
(13/22): utf8proc-2.7.0-7.fc40.x86_64.rpm       172 kB/s |  80 kB     00:00    
(14/22): subversion-libs-1.14.3-5.fc40.x86_64.r 300 kB/s | 1.5 MB     00:05    
(14/22): subversion-libs-1.14.3-5.fc40.x86_64.r 300 kB/s | 1.5 MB     00:05    
(15/22): glibc-devel-2.39-8.fc40.x86_64.rpm      32 kB/s | 115 kB     00:03    
(15/22): glibc-devel-2.39-8.fc40.x86_64.rpm      32 kB/s | 115 kB     00:03    
(16/22): glibc-headers-x86-2.39-8.fc40.noarch.r  55 kB/s | 605 kB     00:10    
(16/22): glibc-headers-x86-2.39-8.fc40.noarch.r  55 kB/s | 605 kB     00:10    
(17/22): golang-1.22.2-1.fc40.x86_64.rpm         57 kB/s | 667 kB     00:11    
(17/22): golang-1.22.2-1.fc40.x86_64.rpm         57 kB/s | 667 kB     00:11    
(18/22): guile30-3.0.7-12.fc40.x86_64.rpm       144 kB/s | 8.1 MB     00:57    
(18/22): guile30-3.0.7-12.fc40.x86_64.rpm       144 kB/s | 8.1 MB     00:57    
(19/22): mercurial-6.7.2-3.fc40.x86_64.rpm      126 kB/s | 6.4 MB     00:52    
(19/22): mercurial-6.7.2-3.fc40.x86_64.rpm      126 kB/s | 6.4 MB     00:52    
(20/22): golang-src-1.22.2-1.fc40.noarch.rpm    203 kB/s |  12 MB     01:01    
(20/22): golang-src-1.22.2-1.fc40.noarch.rpm    203 kB/s |  12 MB     01:01    
(21/22): golang-bin-1.22.2-1.fc40.x86_64.rpm    349 kB/s |  26 MB     01:15    
(21/22): golang-bin-1.22.2-1.fc40.x86_64.rpm    349 kB/s |  26 MB     01:15    
(22/22): gcc-14.0.1-0.15.fc40.x86_64.rpm        403 kB/s |  37 MB     01:34    
(22/22): gcc-14.0.1-0.15.fc40.x86_64.rpm        403 kB/s |  37 MB     01:34    
--------------------------------------------------------------------------------
Total                                           1.0 MB/s |  96 MB     01:36     
--------------------------------------------------------------------------------
Total                                           1.0 MB/s |  96 MB     01:36     
Running transaction check
Running transaction check
Transaction check succeeded.
Running transaction test
Transaction check succeeded.
Running transaction test
Transaction test succeeded.
Running transaction
Transaction test succeeded.
Running transaction
  Running scriptlet: golang-1.22.2-1.fc40.x86_64                            1/1  Running scriptlet: golang-1.22.2-1.fc40.x86_64                            1/1 
  Preparing        :                                                        1/1 
  Preparing        :                                                        1/1 
  Installing       : apr-1.7.3-8.fc40.x86_64                               1/22 
  Installing       : apr-1.7.3-8.fc40.x86_64                               1/22 
  Installing       : apr-util-lmdb-1.6.3-16.fc40.x86_64                    2/22 
  Installing       : apr-util-lmdb-1.6.3-16.fc40.x86_64                    2/22 
  Installing       : apr-util-openssl-1.6.3-16.fc40.x86_64                 3/22 
  Installing       : apr-util-openssl-1.6.3-16.fc40.x86_64                 3/22 
  Installing       : apr-util-1.6.3-16.fc40.x86_64                         4/22 
  Installing       : apr-util-1.6.3-16.fc40.x86_64                         4/22 
  Installing       : libserf-1.3.10-5.fc40.x86_64                          5/22 
  Installing       : libserf-1.3.10-5.fc40.x86_64                          5/22 
  Installing       : golang-src-1.22.2-1.fc40.noarch                       6/22 
  Installing       : golang-src-1.22.2-1.fc40.noarch                       6/22 
  Installing       : glibc-headers-x86-2.39-8.fc40.noarch                  7/22 
  Installing       : glibc-headers-x86-2.39-8.fc40.noarch                  7/22 
  Installing       : utf8proc-2.7.0-7.fc40.x86_64                          8/22 
  Installing       : utf8proc-2.7.0-7.fc40.x86_64                          8/22 
  Installing       : subversion-libs-1.14.3-5.fc40.x86_64                  9/22 
  Installing       : subversion-libs-1.14.3-5.fc40.x86_64                  9/22 
  Installing       : subversion-1.14.3-5.fc40.x86_64                      10/22 
  Installing       : subversion-1.14.3-5.fc40.x86_64                      10/22 
  Running scriptlet: subversion-1.14.3-5.fc40.x86_64                      10/22 
  Running scriptlet: subversion-1.14.3-5.fc40.x86_64                      10/22 
  Installing       : re2-1:20220601-5.fc40.x86_64                         11/22 
  Installing       : re2-1:20220601-5.fc40.x86_64                         11/22 
  Installing       : python3-fb-re2-1.0.7-15.fc40.x86_64                  12/22 
  Installing       : python3-fb-re2-1.0.7-15.fc40.x86_64                  12/22 
  Installing       : mercurial-6.7.2-3.fc40.x86_64                        13/22 
  Installing       : mercurial-6.7.2-3.fc40.x86_64                        13/22 
  Installing       : kernel-headers-6.8.3-300.fc40.x86_64                 14/22 
  Installing       : kernel-headers-6.8.3-300.fc40.x86_64                 14/22 
  Installing       : libxcrypt-devel-4.4.36-5.fc40.x86_64                 15/22 
  Installing       : libxcrypt-devel-4.4.36-5.fc40.x86_64                 15/22 
  Installing       : glibc-devel-2.39-8.fc40.x86_64                       16/22 
  Installing       : glibc-devel-2.39-8.fc40.x86_64                       16/22 
  Installing       : guile30-3.0.7-12.fc40.x86_64                         17/22 
  Installing       : guile30-3.0.7-12.fc40.x86_64                         17/22 
  Installing       : make-1:4.4.1-6.fc40.x86_64                           18/22 
  Installing       : make-1:4.4.1-6.fc40.x86_64                           18/22 
  Installing       : gcc-14.0.1-0.15.fc40.x86_64                          19/22 
  Installing       : gcc-14.0.1-0.15.fc40.x86_64                          19/22 
  Installing       : go-filesystem-3.5.0-1.fc40.x86_64                    20/22 
  Installing       : go-filesystem-3.5.0-1.fc40.x86_64                    20/22 
  Installing       : golang-1.22.2-1.fc40.x86_64                          21/22 
  Installing       : golang-1.22.2-1.fc40.x86_64                          21/22 
  Installing       : golang-bin-1.22.2-1.fc40.x86_64                      22/22 
  Installing       : golang-bin-1.22.2-1.fc40.x86_64                      22/22 
  Running scriptlet: golang-bin-1.22.2-1.fc40.x86_64                      22/22 
  Running scriptlet: golang-bin-1.22.2-1.fc40.x86_64                      22/22 

Installed:
  apr-1.7.3-8.fc40.x86_64                apr-util-1.6.3-16.fc40.x86_64          
  apr-util-lmdb-1.6.3-16.fc40.x86_64     apr-util-openssl-1.6.3-16.fc40.x86_64  
  gcc-14.0.1-0.15.fc40.x86_64            glibc-devel-2.39-8.fc40.x86_64         
  glibc-headers-x86-2.39-8.fc40.noarch   go-filesystem-3.5.0-1.fc40.x86_64      
  golang-1.22.2-1.fc40.x86_64            golang-bin-1.22.2-1.fc40.x86_64        
  golang-src-1.22.2-1.fc40.noarch        guile30-3.0.7-12.fc40.x86_64           
  kernel-headers-6.8.3-300.fc40.x86_64   libserf-1.3.10-5.fc40.x86_64           
  libxcrypt-devel-4.4.36-5.fc40.x86_64   make-1:4.4.1-6.fc40.x86_64             
  mercurial-6.7.2-3.fc40.x86_64          python3-fb-re2-1.0.7-15.fc40.x86_64    
  re2-1:20220601-5.fc40.x86_64           subversion-1.14.3-5.fc40.x86_64        
  subversion-libs-1.14.3-5.fc40.x86_64   utf8proc-2.7.0-7.fc40.x86_64           

Complete!
 

Installed:
  apr-1.7.3-8.fc40.x86_64                apr-util-1.6.3-16.fc40.x86_64          
  apr-util-lmdb-1.6.3-16.fc40.x86_64     apr-util-openssl-1.6.3-16.fc40.x86_64  
  gcc-14.0.1-0.15.fc40.x86_64            glibc-devel-2.39-8.fc40.x86_64         
  glibc-headers-x86-2.39-8.fc40.noarch   go-filesystem-3.5.0-1.fc40.x86_64      
  golang-1.22.2-1.fc40.x86_64            golang-bin-1.22.2-1.fc40.x86_64        
  golang-src-1.22.2-1.fc40.noarch        guile30-3.0.7-12.fc40.x86_64           
  kernel-headers-6.8.3-300.fc40.x86_64   libserf-1.3.10-5.fc40.x86_64           
  libxcrypt-devel-4.4.36-5.fc40.x86_64   make-1:4.4.1-6.fc40.x86_64             
  mercurial-6.7.2-3.fc40.x86_64          python3-fb-re2-1.0.7-15.fc40.x86_64    
  re2-1:20220601-5.fc40.x86_64           subversion-1.14.3-5.fc40.x86_64        
  subversion-libs-1.14.3-5.fc40.x86_64   utf8proc-2.7.0-7.fc40.x86_64           

Complete!
[1A[K[32m[OK][m golang was installed.
[32m[OK][m gtk3 is already installed. Skipping...
[33m[NOTE][m Installing gtk3-devel ...
Last metadata expiration check: 0:20:27 ago on Sat 04 May 2024 09:26:55 AM EDT.
Last metadata expiration check: 0:20:27 ago on Sat 04 May 2024 09:26:55 AM EDT.
Dependencies resolved.
Dependencies resolved.
================================================================================
 Package                     Arch       Version               Repository   Size
================================================================================
Installing:
 gtk3-devel                  x86_64     3.24.41-1.fc40        fedora      4.3 M
Installing dependencies:
 at-spi2-atk-devel           x86_64     2.52.0-1.fc40         fedora       11 k
 at-spi2-core-devel          x86_64     2.52.0-1.fc40         fedora      323 k
 atk-devel                   x86_64     2.52.0-1.fc40         fedora      445 k
 brotli                      x86_64     1.1.0-3.fc40          fedora       20 k
 brotli-devel                x86_64     1.1.0-3.fc40          fedora       34 k
 bzip2-devel                 x86_64     1.0.8-18.fc40         fedora      214 k
 cairo-devel                 x86_64     1.18.0-3.fc40         fedora      193 k
 cairo-gobject-devel         x86_64     1.18.0-3.fc40         fedora       11 k
 cmake-filesystem            x86_64     3.28.2-1.fc40         fedora       18 k
 dbus-devel                  x86_64     1:1.14.10-3.fc40      fedora       40 k
 fontconfig-devel            x86_64     2.15.0-4.fc40         fedora      165 k
 freetype-devel              x86_64     2.13.2-5.fc40         fedora      951 k
 fribidi-devel               x86_64     1.0.13-4.fc40         fedora       30 k
 gdk-pixbuf2-devel           x86_64     2.42.10-8.fc40        fedora      369 k
 gettext                     x86_64     0.22.5-2.fc40         fedora      1.1 M
 glib2-devel                 x86_64     2.80.0-1.fc40         fedora      1.5 M
 graphite2-devel             x86_64     1.3.14-15.fc40        fedora       21 k
 harfbuzz-devel              x86_64     8.3.0-5.fc40          fedora      451 k
 harfbuzz-icu                x86_64     8.3.0-5.fc40          fedora       16 k
 libX11-devel                x86_64     1.8.9-1.fc40          updates     1.0 M
 libXau-devel                x86_64     1.0.11-6.fc40         fedora       14 k
 libXcomposite-devel         x86_64     0.4.6-3.fc40          fedora       16 k
 libXcursor-devel            x86_64     1.2.1-7.fc40          fedora       40 k
 libXdamage-devel            x86_64     1.1.6-3.fc40          fedora      9.5 k
 libXext-devel               x86_64     1.3.6-1.fc40          fedora       86 k
 libXfixes-devel             x86_64     6.0.1-3.fc40          fedora       13 k
 libXft-devel                x86_64     2.3.8-6.fc40          fedora       50 k
 libXi-devel                 x86_64     1.8.1-5.fc40          fedora      116 k
 libXinerama-devel           x86_64     1.1.5-6.fc40          fedora       13 k
 libXrandr-devel             x86_64     1.5.4-3.fc40          fedora       19 k
 libXrender-devel            x86_64     0.9.11-6.fc40         fedora       19 k
 libXtst-devel               x86_64     1.2.4-6.fc40          fedora       16 k
 libblkid-devel              x86_64     2.40-13.fc40          updates      26 k
 libcloudproviders-devel     x86_64     0.3.5-3.fc40          fedora       49 k
 libdatrie-devel             x86_64     0.2.13-9.fc40         fedora      153 k
 libepoxy-devel              x86_64     1.5.10-6.fc40         fedora      133 k
 libffi-devel                x86_64     3.4.4-7.fc40          fedora       28 k
 libglvnd-core-devel         x86_64     1:1.7.0-4.fc40        fedora       17 k
 libglvnd-devel              x86_64     1:1.7.0-4.fc40        fedora      163 k
 libicu-devel                x86_64     74.2-1.fc40           fedora      930 k
 libjpeg-turbo-devel         x86_64     3.0.2-1.fc40          fedora       97 k
 libmount-devel              x86_64     2.40-13.fc40          updates      27 k
 libpng-devel                x86_64     2:1.6.40-3.fc40       fedora      291 k
 libselinux-devel            x86_64     3.6-4.fc40            fedora      151 k
 libsepol-devel              x86_64     3.6-3.fc40            fedora       49 k
 libthai-devel               x86_64     0.1.29-8.fc40         fedora      144 k
 libtiff-devel               x86_64     4.6.0-2.fc40          fedora      259 k
 libwebp-devel               x86_64     1.3.2-5.fc40          fedora       39 k
 libxcb-devel                x86_64     1.17.0-1.fc40         updates     1.4 M
 libxkbcommon-devel          x86_64     1.6.0-2.fc40          fedora       66 k
 libxml2-devel               x86_64     2.12.6-1.fc40         updates     525 k
 libzstd-devel               x86_64     1.5.6-1.fc40          updates      52 k
 pango-devel                 x86_64     1.52.2-1.fc40         updates     161 k
 pcre2-devel                 x86_64     10.42-2.fc40.2        fedora      505 k
 pcre2-utf32                 x86_64     10.42-2.fc40.2        fedora      203 k
 pixman-devel                x86_64     0.43.4-1.fc40         updates      17 k
 sysprof-capture-devel       x86_64     46.0-1.fc40           fedora       54 k
 wayland-devel               x86_64     1.22.0-3.fc40         fedora      148 k
 xorg-x11-proto-devel        noarch     2024.1-1.fc40         updates     301 k
 xz-devel                    x86_64     1:5.4.6-3.fc40        fedora       67 k
 zlib-ng-compat-devel        x86_64     2.1.6-2.fc40          fedora       36 k

Transaction Summary
================================================================================
Install  62 Packages

Total download size: 17 M
Installed size: 110 M
Downloading Packages:
================================================================================
 Package                     Arch       Version               Repository   Size
================================================================================
Installing:
 gtk3-devel                  x86_64     3.24.41-1.fc40        fedora      4.3 M
Installing dependencies:
 at-spi2-atk-devel           x86_64     2.52.0-1.fc40         fedora       11 k
 at-spi2-core-devel          x86_64     2.52.0-1.fc40         fedora      323 k
 atk-devel                   x86_64     2.52.0-1.fc40         fedora      445 k
 brotli                      x86_64     1.1.0-3.fc40          fedora       20 k
 brotli-devel                x86_64     1.1.0-3.fc40          fedora       34 k
 bzip2-devel                 x86_64     1.0.8-18.fc40         fedora      214 k
 cairo-devel                 x86_64     1.18.0-3.fc40         fedora      193 k
 cairo-gobject-devel         x86_64     1.18.0-3.fc40         fedora       11 k
 cmake-filesystem            x86_64     3.28.2-1.fc40         fedora       18 k
 dbus-devel                  x86_64     1:1.14.10-3.fc40      fedora       40 k
 fontconfig-devel            x86_64     2.15.0-4.fc40         fedora      165 k
 freetype-devel              x86_64     2.13.2-5.fc40         fedora      951 k
 fribidi-devel               x86_64     1.0.13-4.fc40         fedora       30 k
 gdk-pixbuf2-devel           x86_64     2.42.10-8.fc40        fedora      369 k
 gettext                     x86_64     0.22.5-2.fc40         fedora      1.1 M
 glib2-devel                 x86_64     2.80.0-1.fc40         fedora      1.5 M
 graphite2-devel             x86_64     1.3.14-15.fc40        fedora       21 k
 harfbuzz-devel              x86_64     8.3.0-5.fc40          fedora      451 k
 harfbuzz-icu                x86_64     8.3.0-5.fc40          fedora       16 k
 libX11-devel                x86_64     1.8.9-1.fc40          updates     1.0 M
 libXau-devel                x86_64     1.0.11-6.fc40         fedora       14 k
 libXcomposite-devel         x86_64     0.4.6-3.fc40          fedora       16 k
 libXcursor-devel            x86_64     1.2.1-7.fc40          fedora       40 k
 libXdamage-devel            x86_64     1.1.6-3.fc40          fedora      9.5 k
 libXext-devel               x86_64     1.3.6-1.fc40          fedora       86 k
 libXfixes-devel             x86_64     6.0.1-3.fc40          fedora       13 k
 libXft-devel                x86_64     2.3.8-6.fc40          fedora       50 k
 libXi-devel                 x86_64     1.8.1-5.fc40          fedora      116 k
 libXinerama-devel           x86_64     1.1.5-6.fc40          fedora       13 k
 libXrandr-devel             x86_64     1.5.4-3.fc40          fedora       19 k
 libXrender-devel            x86_64     0.9.11-6.fc40         fedora       19 k
 libXtst-devel               x86_64     1.2.4-6.fc40          fedora       16 k
 libblkid-devel              x86_64     2.40-13.fc40          updates      26 k
 libcloudproviders-devel     x86_64     0.3.5-3.fc40          fedora       49 k
 libdatrie-devel             x86_64     0.2.13-9.fc40         fedora      153 k
 libepoxy-devel              x86_64     1.5.10-6.fc40         fedora      133 k
 libffi-devel                x86_64     3.4.4-7.fc40          fedora       28 k
 libglvnd-core-devel         x86_64     1:1.7.0-4.fc40        fedora       17 k
 libglvnd-devel              x86_64     1:1.7.0-4.fc40        fedora      163 k
 libicu-devel                x86_64     74.2-1.fc40           fedora      930 k
 libjpeg-turbo-devel         x86_64     3.0.2-1.fc40          fedora       97 k
 libmount-devel              x86_64     2.40-13.fc40          updates      27 k
 libpng-devel                x86_64     2:1.6.40-3.fc40       fedora      291 k
 libselinux-devel            x86_64     3.6-4.fc40            fedora      151 k
 libsepol-devel              x86_64     3.6-3.fc40            fedora       49 k
 libthai-devel               x86_64     0.1.29-8.fc40         fedora      144 k
 libtiff-devel               x86_64     4.6.0-2.fc40          fedora      259 k
 libwebp-devel               x86_64     1.3.2-5.fc40          fedora       39 k
 libxcb-devel                x86_64     1.17.0-1.fc40         updates     1.4 M
 libxkbcommon-devel          x86_64     1.6.0-2.fc40          fedora       66 k
 libxml2-devel               x86_64     2.12.6-1.fc40         updates     525 k
 libzstd-devel               x86_64     1.5.6-1.fc40          updates      52 k
 pango-devel                 x86_64     1.52.2-1.fc40         updates     161 k
 pcre2-devel                 x86_64     10.42-2.fc40.2        fedora      505 k
 pcre2-utf32                 x86_64     10.42-2.fc40.2        fedora      203 k
 pixman-devel                x86_64     0.43.4-1.fc40         updates      17 k
 sysprof-capture-devel       x86_64     46.0-1.fc40           fedora       54 k
 wayland-devel               x86_64     1.22.0-3.fc40         fedora      148 k
 xorg-x11-proto-devel        noarch     2024.1-1.fc40         updates     301 k
 xz-devel                    x86_64     1:5.4.6-3.fc40        fedora       67 k
 zlib-ng-compat-devel        x86_64     2.1.6-2.fc40          fedora       36 k

Transaction Summary
================================================================================
Install  62 Packages

Total download size: 17 M
Installed size: 110 M
Downloading Packages:
(1/62): at-spi2-atk-devel-2.52.0-1.fc40.x86_64.  46 kB/s |  11 kB     00:00    
(1/62): at-spi2-atk-devel-2.52.0-1.fc40.x86_64.  46 kB/s |  11 kB     00:00    
(2/62): brotli-1.1.0-3.fc40.x86_64.rpm           62 kB/s |  20 kB     00:00    
(2/62): brotli-1.1.0-3.fc40.x86_64.rpm           62 kB/s |  20 kB     00:00    
(3/62): brotli-devel-1.1.0-3.fc40.x86_64.rpm     97 kB/s |  34 kB     00:00    
(3/62): brotli-devel-1.1.0-3.fc40.x86_64.rpm     97 kB/s |  34 kB     00:00    
(4/62): bzip2-devel-1.0.8-18.fc40.x86_64.rpm    388 kB/s | 214 kB     00:00    
(4/62): bzip2-devel-1.0.8-18.fc40.x86_64.rpm    388 kB/s | 214 kB     00:00    
(5/62): at-spi2-core-devel-2.52.0-1.fc40.x86_64 398 kB/s | 323 kB     00:00    
(5/62): at-spi2-core-devel-2.52.0-1.fc40.x86_64 398 kB/s | 323 kB     00:00    
(6/62): cairo-gobject-devel-1.18.0-3.fc40.x86_6  24 kB/s |  11 kB     00:00    
(6/62): cairo-gobject-devel-1.18.0-3.fc40.x86_6  24 kB/s |  11 kB     00:00    
(7/62): cmake-filesystem-3.28.2-1.fc40.x86_64.r 134 kB/s |  18 kB     00:00    
(7/62): cmake-filesystem-3.28.2-1.fc40.x86_64.r 134 kB/s |  18 kB     00:00    
(8/62): dbus-devel-1.14.10-3.fc40.x86_64.rpm    338 kB/s |  40 kB     00:00    
(8/62): dbus-devel-1.14.10-3.fc40.x86_64.rpm    338 kB/s |  40 kB     00:00    
(9/62): cairo-devel-1.18.0-3.fc40.x86_64.rpm    314 kB/s | 193 kB     00:00    
(9/62): cairo-devel-1.18.0-3.fc40.x86_64.rpm    314 kB/s | 193 kB     00:00    
(10/62): fribidi-devel-1.0.13-4.fc40.x86_64.rpm 312 kB/s |  30 kB     00:00    
(10/62): fribidi-devel-1.0.13-4.fc40.x86_64.rpm 312 kB/s |  30 kB     00:00    
(11/62): fontconfig-devel-2.15.0-4.fc40.x86_64. 762 kB/s | 165 kB     00:00    
(11/62): fontconfig-devel-2.15.0-4.fc40.x86_64. 762 kB/s | 165 kB     00:00    
(12/62): atk-devel-2.52.0-1.fc40.x86_64.rpm     378 kB/s | 445 kB     00:01    
(12/62): atk-devel-2.52.0-1.fc40.x86_64.rpm     378 kB/s | 445 kB     00:01    
(13/62): gdk-pixbuf2-devel-2.42.10-8.fc40.x86_6 568 kB/s | 369 kB     00:00    
(13/62): gdk-pixbuf2-devel-2.42.10-8.fc40.x86_6 568 kB/s | 369 kB     00:00    
(14/62): graphite2-devel-1.3.14-15.fc40.x86_64.  47 kB/s |  21 kB     00:00    
(14/62): graphite2-devel-1.3.14-15.fc40.x86_64.  47 kB/s |  21 kB     00:00    
(15/62): freetype-devel-2.13.2-5.fc40.x86_64.rp 436 kB/s | 951 kB     00:02    
(15/62): freetype-devel-2.13.2-5.fc40.x86_64.rp 436 kB/s | 951 kB     00:02    
(16/62): harfbuzz-icu-8.3.0-5.fc40.x86_64.rpm   103 kB/s |  16 kB     00:00    
(16/62): harfbuzz-icu-8.3.0-5.fc40.x86_64.rpm   103 kB/s |  16 kB     00:00    
(17/62): harfbuzz-devel-8.3.0-5.fc40.x86_64.rpm 255 kB/s | 451 kB     00:01    
(17/62): harfbuzz-devel-8.3.0-5.fc40.x86_64.rpm 255 kB/s | 451 kB     00:01    
(18/62): libXau-devel-1.0.11-6.fc40.x86_64.rpm  103 kB/s |  14 kB     00:00    
(18/62): libXau-devel-1.0.11-6.fc40.x86_64.rpm  103 kB/s |  14 kB     00:00    
(19/62): libXcomposite-devel-0.4.6-3.fc40.x86_6  96 kB/s |  16 kB     00:00    
(19/62): libXcomposite-devel-0.4.6-3.fc40.x86_6  96 kB/s |  16 kB     00:00    
(20/62): libXcursor-devel-1.2.1-7.fc40.x86_64.r 188 kB/s |  40 kB     00:00    
(20/62): libXcursor-devel-1.2.1-7.fc40.x86_64.r 188 kB/s |  40 kB     00:00    
(21/62): libXdamage-devel-1.1.6-3.fc40.x86_64.r  42 kB/s | 9.5 kB     00:00    
(21/62): libXdamage-devel-1.1.6-3.fc40.x86_64.r  42 kB/s | 9.5 kB     00:00    
(22/62): libXext-devel-1.3.6-1.fc40.x86_64.rpm  272 kB/s |  86 kB     00:00    
(22/62): libXext-devel-1.3.6-1.fc40.x86_64.rpm  272 kB/s |  86 kB     00:00    
(23/62): libXfixes-devel-6.0.1-3.fc40.x86_64.rp  77 kB/s |  13 kB     00:00    
(23/62): libXfixes-devel-6.0.1-3.fc40.x86_64.rp  77 kB/s |  13 kB     00:00    
(24/62): gettext-0.22.5-2.fc40.x86_64.rpm       377 kB/s | 1.1 MB     00:02    
(24/62): gettext-0.22.5-2.fc40.x86_64.rpm       377 kB/s | 1.1 MB     00:02    
(25/62): libXft-devel-2.3.8-6.fc40.x86_64.rpm   401 kB/s |  50 kB     00:00    
(25/62): libXft-devel-2.3.8-6.fc40.x86_64.rpm   401 kB/s |  50 kB     00:00    
(26/62): libXinerama-devel-1.1.5-6.fc40.x86_64.  65 kB/s |  13 kB     00:00    
(26/62): libXinerama-devel-1.1.5-6.fc40.x86_64.  65 kB/s |  13 kB     00:00    
(27/62): libXi-devel-1.8.1-5.fc40.x86_64.rpm    403 kB/s | 116 kB     00:00    
(27/62): libXi-devel-1.8.1-5.fc40.x86_64.rpm    403 kB/s | 116 kB     00:00    
(28/62): libXrandr-devel-1.5.4-3.fc40.x86_64.rp 101 kB/s |  19 kB     00:00    
(28/62): libXrandr-devel-1.5.4-3.fc40.x86_64.rp 101 kB/s |  19 kB     00:00    
(29/62): libXrender-devel-0.9.11-6.fc40.x86_64. 202 kB/s |  19 kB     00:00    
(29/62): libXrender-devel-0.9.11-6.fc40.x86_64. 202 kB/s |  19 kB     00:00    
(30/62): libXtst-devel-1.2.4-6.fc40.x86_64.rpm  139 kB/s |  16 kB     00:00    
(30/62): libXtst-devel-1.2.4-6.fc40.x86_64.rpm  139 kB/s |  16 kB     00:00    
(31/62): libcloudproviders-devel-0.3.5-3.fc40.x 355 kB/s |  49 kB     00:00    
(31/62): libcloudproviders-devel-0.3.5-3.fc40.x 355 kB/s |  49 kB     00:00    
(32/62): libffi-devel-3.4.4-7.fc40.x86_64.rpm   152 kB/s |  28 kB     00:00    
(32/62): libffi-devel-3.4.4-7.fc40.x86_64.rpm   152 kB/s |  28 kB     00:00    
(33/62): libdatrie-devel-0.2.13-9.fc40.x86_64.r 373 kB/s | 153 kB     00:00    
(33/62): libdatrie-devel-0.2.13-9.fc40.x86_64.r 373 kB/s | 153 kB     00:00    
(34/62): libepoxy-devel-1.5.10-6.fc40.x86_64.rp 400 kB/s | 133 kB     00:00    
(34/62): libepoxy-devel-1.5.10-6.fc40.x86_64.rp 400 kB/s | 133 kB     00:00    
(35/62): libglvnd-core-devel-1.7.0-4.fc40.x86_6 146 kB/s |  17 kB     00:00    
(35/62): libglvnd-core-devel-1.7.0-4.fc40.x86_6 146 kB/s |  17 kB     00:00    
(36/62): libglvnd-devel-1.7.0-4.fc40.x86_64.rpm 522 kB/s | 163 kB     00:00    
(36/62): libglvnd-devel-1.7.0-4.fc40.x86_64.rpm 522 kB/s | 163 kB     00:00    
(37/62): libjpeg-turbo-devel-3.0.2-1.fc40.x86_6 246 kB/s |  97 kB     00:00    
(37/62): libjpeg-turbo-devel-3.0.2-1.fc40.x86_6 246 kB/s |  97 kB     00:00    
(38/62): libpng-devel-1.6.40-3.fc40.x86_64.rpm  353 kB/s | 291 kB     00:00    
(38/62): libpng-devel-1.6.40-3.fc40.x86_64.rpm  353 kB/s | 291 kB     00:00    
(39/62): libselinux-devel-3.6-4.fc40.x86_64.rpm 187 kB/s | 151 kB     00:00    
(39/62): libselinux-devel-3.6-4.fc40.x86_64.rpm 187 kB/s | 151 kB     00:00    
(40/62): libsepol-devel-3.6-3.fc40.x86_64.rpm   302 kB/s |  49 kB     00:00    
(40/62): libsepol-devel-3.6-3.fc40.x86_64.rpm   302 kB/s |  49 kB     00:00    
(41/62): libtiff-devel-4.6.0-2.fc40.x86_64.rpm  778 kB/s | 259 kB     00:00    
(41/62): libtiff-devel-4.6.0-2.fc40.x86_64.rpm  778 kB/s | 259 kB     00:00    
(42/62): libthai-devel-0.1.29-8.fc40.x86_64.rpm 282 kB/s | 144 kB     00:00    
(42/62): libthai-devel-0.1.29-8.fc40.x86_64.rpm 282 kB/s | 144 kB     00:00    
(43/62): libwebp-devel-1.3.2-5.fc40.x86_64.rpm  408 kB/s |  39 kB     00:00    
(43/62): libwebp-devel-1.3.2-5.fc40.x86_64.rpm  408 kB/s |  39 kB     00:00    
(44/62): libxkbcommon-devel-1.6.0-2.fc40.x86_64 643 kB/s |  66 kB     00:00    
(44/62): libxkbcommon-devel-1.6.0-2.fc40.x86_64 643 kB/s |  66 kB     00:00    
(45/62): libicu-devel-74.2-1.fc40.x86_64.rpm    492 kB/s | 930 kB     00:01    
(45/62): libicu-devel-74.2-1.fc40.x86_64.rpm    492 kB/s | 930 kB     00:01    
(46/62): sysprof-capture-devel-46.0-1.fc40.x86_ 504 kB/s |  54 kB     00:00    
(46/62): sysprof-capture-devel-46.0-1.fc40.x86_ 504 kB/s |  54 kB     00:00    
(47/62): pcre2-utf32-10.42-2.fc40.2.x86_64.rpm  810 kB/s | 203 kB     00:00    
(47/62): pcre2-utf32-10.42-2.fc40.2.x86_64.rpm  810 kB/s | 203 kB     00:00    
(48/62): xz-devel-5.4.6-3.fc40.x86_64.rpm       390 kB/s |  67 kB     00:00    
(48/62): xz-devel-5.4.6-3.fc40.x86_64.rpm       390 kB/s |  67 kB     00:00    
(49/62): wayland-devel-1.22.0-3.fc40.x86_64.rpm 580 kB/s | 148 kB     00:00    
(49/62): wayland-devel-1.22.0-3.fc40.x86_64.rpm 580 kB/s | 148 kB     00:00    
(50/62): glib2-devel-2.80.0-1.fc40.x86_64.rpm   251 kB/s | 1.5 MB     00:05    
(50/62): glib2-devel-2.80.0-1.fc40.x86_64.rpm   251 kB/s | 1.5 MB     00:05    
(51/62): zlib-ng-compat-devel-2.1.6-2.fc40.x86_ 434 kB/s |  36 kB     00:00    
(51/62): zlib-ng-compat-devel-2.1.6-2.fc40.x86_ 434 kB/s |  36 kB     00:00    
(52/62): libblkid-devel-2.40-13.fc40.x86_64.rpm 114 kB/s |  26 kB     00:00    
(52/62): libblkid-devel-2.40-13.fc40.x86_64.rpm 114 kB/s |  26 kB     00:00    
(53/62): libmount-devel-2.40-13.fc40.x86_64.rpm  94 kB/s |  27 kB     00:00    
(53/62): libmount-devel-2.40-13.fc40.x86_64.rpm  94 kB/s |  27 kB     00:00    
(54/62): pcre2-devel-10.42-2.fc40.2.x86_64.rpm  527 kB/s | 505 kB     00:00    
(54/62): pcre2-devel-10.42-2.fc40.2.x86_64.rpm  527 kB/s | 505 kB     00:00    
(55/62): libzstd-devel-1.5.6-1.fc40.x86_64.rpm  192 kB/s |  52 kB     00:00    
(55/62): libzstd-devel-1.5.6-1.fc40.x86_64.rpm  192 kB/s |  52 kB     00:00    
(56/62): libX11-devel-1.8.9-1.fc40.x86_64.rpm   816 kB/s | 1.0 MB     00:01    
(56/62): libX11-devel-1.8.9-1.fc40.x86_64.rpm   816 kB/s | 1.0 MB     00:01    
(57/62): pango-devel-1.52.2-1.fc40.x86_64.rpm   192 kB/s | 161 kB     00:00    
(57/62): pango-devel-1.52.2-1.fc40.x86_64.rpm   192 kB/s | 161 kB     00:00    
(58/62): pixman-devel-0.43.4-1.fc40.x86_64.rpm   50 kB/s |  17 kB     00:00    
(58/62): pixman-devel-0.43.4-1.fc40.x86_64.rpm   50 kB/s |  17 kB     00:00    
(59/62): libxml2-devel-2.12.6-1.fc40.x86_64.rpm 297 kB/s | 525 kB     00:01    
(59/62): libxml2-devel-2.12.6-1.fc40.x86_64.rpm 297 kB/s | 525 kB     00:01    
(60/62): libxcb-devel-1.17.0-1.fc40.x86_64.rpm  718 kB/s | 1.4 MB     00:02    
(60/62): libxcb-devel-1.17.0-1.fc40.x86_64.rpm  718 kB/s | 1.4 MB     00:02    
(61/62): xorg-x11-proto-devel-2024.1-1.fc40.noa 243 kB/s | 301 kB     00:01    
(61/62): xorg-x11-proto-devel-2024.1-1.fc40.noa 243 kB/s | 301 kB     00:01    
(62/62): gtk3-devel-3.24.41-1.fc40.x86_64.rpm   396 kB/s | 4.3 MB     00:11    
(62/62): gtk3-devel-3.24.41-1.fc40.x86_64.rpm   396 kB/s | 4.3 MB     00:11    
--------------------------------------------------------------------------------
Total                                           1.3 MB/s |  17 MB     00:13     
--------------------------------------------------------------------------------
Total                                           1.3 MB/s |  17 MB     00:13     
Running transaction check
Running transaction check
Transaction check succeeded.
Running transaction test
Transaction check succeeded.
Running transaction test
Transaction test succeeded.
Running transaction
Transaction test succeeded.
Running transaction
  Preparing        :                                                        1/1  Preparing        :                                                        1/1 
  Installing       : xorg-x11-proto-devel-2024.1-1.fc40.noarch             1/62 
  Installing       : xorg-x11-proto-devel-2024.1-1.fc40.noarch             1/62 
  Installing       : zlib-ng-compat-devel-2.1.6-2.fc40.x86_64              2/62 
  Installing       : zlib-ng-compat-devel-2.1.6-2.fc40.x86_64              2/62 
  Installing       : libpng-devel-2:1.6.40-3.fc40.x86_64                   3/62 
  Installing       : libpng-devel-2:1.6.40-3.fc40.x86_64                   3/62 
  Installing       : cmake-filesystem-3.28.2-1.fc40.x86_64                 4/62 
  Installing       : cmake-filesystem-3.28.2-1.fc40.x86_64                 4/62 
  Installing       : dbus-devel-1:1.14.10-3.fc40.x86_64                    5/62 
  Installing       : dbus-devel-1:1.14.10-3.fc40.x86_64                    5/62 
  Installing       : libjpeg-turbo-devel-3.0.2-1.fc40.x86_64               6/62 
  Installing       : libjpeg-turbo-devel-3.0.2-1.fc40.x86_64               6/62 
  Installing       : pixman-devel-0.43.4-1.fc40.x86_64                     7/62 
  Installing       : pixman-devel-0.43.4-1.fc40.x86_64                     7/62 
  Installing       : libffi-devel-3.4.4-7.fc40.x86_64                      8/62 
  Installing       : libffi-devel-3.4.4-7.fc40.x86_64                      8/62 
  Installing       : fribidi-devel-1.0.13-4.fc40.x86_64                    9/62 
  Installing       : fribidi-devel-1.0.13-4.fc40.x86_64                    9/62 
  Installing       : wayland-devel-1.22.0-3.fc40.x86_64                   10/62 
  Installing       : wayland-devel-1.22.0-3.fc40.x86_64                   10/62 
  Installing       : libwebp-devel-1.3.2-5.fc40.x86_64                    11/62 
  Installing       : libwebp-devel-1.3.2-5.fc40.x86_64                    11/62 
  Installing       : libXau-devel-1.0.11-6.fc40.x86_64                    12/62 
  Installing       : libXau-devel-1.0.11-6.fc40.x86_64                    12/62 
  Installing       : libxcb-devel-1.17.0-1.fc40.x86_64                    13/62 
  Installing       : libxcb-devel-1.17.0-1.fc40.x86_64                    13/62 
  Installing       : libX11-devel-1.8.9-1.fc40.x86_64                     14/62 
  Installing       : libX11-devel-1.8.9-1.fc40.x86_64                     14/62 
  Installing       : libXext-devel-1.3.6-1.fc40.x86_64                    15/62 
  Installing       : libXext-devel-1.3.6-1.fc40.x86_64                    15/62 
  Installing       : libXrender-devel-0.9.11-6.fc40.x86_64                16/62 
  Installing       : libXrender-devel-0.9.11-6.fc40.x86_64                16/62 
  Installing       : libXfixes-devel-6.0.1-3.fc40.x86_64                  17/62 
  Installing       : libXfixes-devel-6.0.1-3.fc40.x86_64                  17/62 
  Installing       : libXi-devel-1.8.1-5.fc40.x86_64                      18/62 
  Installing       : libXi-devel-1.8.1-5.fc40.x86_64                      18/62 
  Installing       : libXtst-devel-1.2.4-6.fc40.x86_64                    19/62 
  Installing       : libXtst-devel-1.2.4-6.fc40.x86_64                    19/62 
  Installing       : libXcomposite-devel-0.4.6-3.fc40.x86_64              20/62 
  Installing       : libXcomposite-devel-0.4.6-3.fc40.x86_64              20/62 
  Installing       : libXcursor-devel-1.2.1-7.fc40.x86_64                 21/62 
  Installing       : libXcursor-devel-1.2.1-7.fc40.x86_64                 21/62 
  Installing       : libXdamage-devel-1.1.6-3.fc40.x86_64                 22/62 
  Installing       : libXdamage-devel-1.1.6-3.fc40.x86_64                 22/62 
  Installing       : libXrandr-devel-1.5.4-3.fc40.x86_64                  23/62 
  Installing       : libXrandr-devel-1.5.4-3.fc40.x86_64                  23/62 
  Installing       : libXinerama-devel-1.1.5-6.fc40.x86_64                24/62 
  Installing       : libXinerama-devel-1.1.5-6.fc40.x86_64                24/62 
  Installing       : libzstd-devel-1.5.6-1.fc40.x86_64                    25/62 
  Installing       : libzstd-devel-1.5.6-1.fc40.x86_64                    25/62 
  Installing       : libtiff-devel-4.6.0-2.fc40.x86_64                    26/62 
  Installing       : libtiff-devel-4.6.0-2.fc40.x86_64                    26/62 
  Installing       : libblkid-devel-2.40-13.fc40.x86_64                   27/62 
  Installing       : libblkid-devel-2.40-13.fc40.x86_64                   27/62 
  Installing       : xz-devel-1:5.4.6-3.fc40.x86_64                       28/62 
  Installing       : xz-devel-1:5.4.6-3.fc40.x86_64                       28/62 
  Installing       : libxml2-devel-2.12.6-1.fc40.x86_64                   29/62 
  Installing       : libxml2-devel-2.12.6-1.fc40.x86_64                   29/62 
  Installing       : libxkbcommon-devel-1.6.0-2.fc40.x86_64               30/62 
  Installing       : libxkbcommon-devel-1.6.0-2.fc40.x86_64               30/62 
  Installing       : sysprof-capture-devel-46.0-1.fc40.x86_64             31/62 
  Installing       : sysprof-capture-devel-46.0-1.fc40.x86_64             31/62 
  Installing       : pcre2-utf32-10.42-2.fc40.2.x86_64                    32/62 
  Installing       : pcre2-utf32-10.42-2.fc40.2.x86_64                    32/62 
  Installing       : pcre2-devel-10.42-2.fc40.2.x86_64                    33/62 
  Installing       : pcre2-devel-10.42-2.fc40.2.x86_64                    33/62 
  Installing       : libsepol-devel-3.6-3.fc40.x86_64                     34/62 
  Installing       : libsepol-devel-3.6-3.fc40.x86_64                     34/62 
  Installing       : libselinux-devel-3.6-4.fc40.x86_64                   35/62 
  Installing       : libselinux-devel-3.6-4.fc40.x86_64                   35/62 
  Installing       : libmount-devel-2.40-13.fc40.x86_64                   36/62 
  Installing       : libmount-devel-2.40-13.fc40.x86_64                   36/62 
  Installing       : glib2-devel-2.80.0-1.fc40.x86_64                     37/62 
  Installing       : glib2-devel-2.80.0-1.fc40.x86_64                     37/62 
  Installing       : atk-devel-2.52.0-1.fc40.x86_64                       38/62 
  Installing       : atk-devel-2.52.0-1.fc40.x86_64                       38/62 
  Installing       : at-spi2-core-devel-2.52.0-1.fc40.x86_64              39/62 
  Installing       : at-spi2-core-devel-2.52.0-1.fc40.x86_64              39/62 
  Installing       : at-spi2-atk-devel-2.52.0-1.fc40.x86_64               40/62 
  Installing       : at-spi2-atk-devel-2.52.0-1.fc40.x86_64               40/62 
  Installing       : gdk-pixbuf2-devel-2.42.10-8.fc40.x86_64              41/62 
  Installing       : gdk-pixbuf2-devel-2.42.10-8.fc40.x86_64              41/62 
  Installing       : libicu-devel-74.2-1.fc40.x86_64                      42/62 
  Installing       : libicu-devel-74.2-1.fc40.x86_64                      42/62 
  Installing       : libglvnd-core-devel-1:1.7.0-4.fc40.x86_64            43/62 
  Installing       : libglvnd-core-devel-1:1.7.0-4.fc40.x86_64            43/62 
  Installing       : libglvnd-devel-1:1.7.0-4.fc40.x86_64                 44/62 
  Installing       : libglvnd-devel-1:1.7.0-4.fc40.x86_64                 44/62 
  Installing       : libepoxy-devel-1.5.10-6.fc40.x86_64                  45/62 
  Installing       : libepoxy-devel-1.5.10-6.fc40.x86_64                  45/62 
  Installing       : libdatrie-devel-0.2.13-9.fc40.x86_64                 46/62 
  Installing       : libdatrie-devel-0.2.13-9.fc40.x86_64                 46/62 
  Installing       : libthai-devel-0.1.29-8.fc40.x86_64                   47/62 
  Installing       : libthai-devel-0.1.29-8.fc40.x86_64                   47/62 
  Installing       : libcloudproviders-devel-0.3.5-3.fc40.x86_64          48/62 
  Installing       : libcloudproviders-devel-0.3.5-3.fc40.x86_64          48/62 
  Installing       : harfbuzz-icu-8.3.0-5.fc40.x86_64                     49/62 
  Installing       : harfbuzz-icu-8.3.0-5.fc40.x86_64                     49/62 
  Installing       : graphite2-devel-1.3.14-15.fc40.x86_64                50/62 
  Installing       : graphite2-devel-1.3.14-15.fc40.x86_64                50/62 
  Installing       : gettext-0.22.5-2.fc40.x86_64                         51/62 
  Installing       : gettext-0.22.5-2.fc40.x86_64                         51/62 
  Installing       : bzip2-devel-1.0.8-18.fc40.x86_64                     52/62 
  Installing       : bzip2-devel-1.0.8-18.fc40.x86_64                     52/62 
  Installing       : brotli-1.1.0-3.fc40.x86_64                           53/62 
  Installing       : brotli-1.1.0-3.fc40.x86_64                           53/62 
  Installing       : brotli-devel-1.1.0-3.fc40.x86_64                     54/62 
  Installing       : brotli-devel-1.1.0-3.fc40.x86_64                     54/62 
  Installing       : harfbuzz-devel-8.3.0-5.fc40.x86_64                   55/62 
  Installing       : harfbuzz-devel-8.3.0-5.fc40.x86_64                   55/62 
  Installing       : freetype-devel-2.13.2-5.fc40.x86_64                  56/62 
  Installing       : freetype-devel-2.13.2-5.fc40.x86_64                  56/62 
  Installing       : fontconfig-devel-2.15.0-4.fc40.x86_64                57/62 
  Installing       : fontconfig-devel-2.15.0-4.fc40.x86_64                57/62 
  Installing       : cairo-devel-1.18.0-3.fc40.x86_64                     58/62 
  Installing       : cairo-devel-1.18.0-3.fc40.x86_64                     58/62 
  Installing       : cairo-gobject-devel-1.18.0-3.fc40.x86_64             59/62 
  Installing       : cairo-gobject-devel-1.18.0-3.fc40.x86_64             59/62 
  Installing       : libXft-devel-2.3.8-6.fc40.x86_64                     60/62 
  Installing       : libXft-devel-2.3.8-6.fc40.x86_64                     60/62 
  Installing       : pango-devel-1.52.2-1.fc40.x86_64                     61/62 
  Installing       : pango-devel-1.52.2-1.fc40.x86_64                     61/62 
  Installing       : gtk3-devel-3.24.41-1.fc40.x86_64                     62/62 
  Installing       : gtk3-devel-3.24.41-1.fc40.x86_64                     62/62 
  Running scriptlet: gtk3-devel-3.24.41-1.fc40.x86_64                     62/62 
  Running scriptlet: gtk3-devel-3.24.41-1.fc40.x86_64                     62/62 

Installed:
  at-spi2-atk-devel-2.52.0-1.fc40.x86_64                                        
  at-spi2-core-devel-2.52.0-1.fc40.x86_64                                       
  atk-devel-2.52.0-1.fc40.x86_64                                                
  brotli-1.1.0-3.fc40.x86_64                                                    
  brotli-devel-1.1.0-3.fc40.x86_64                                              
  bzip2-devel-1.0.8-18.fc40.x86_64                                              
  cairo-devel-1.18.0-3.fc40.x86_64                                              
  cairo-gobject-devel-1.18.0-3.fc40.x86_64                                      
  cmake-filesystem-3.28.2-1.fc40.x86_64                                         
  dbus-devel-1:1.14.10-3.fc40.x86_64                                            
  fontconfig-devel-2.15.0-4.fc40.x86_64                                         
  freetype-devel-2.13.2-5.fc40.x86_64                                           
  fribidi-devel-1.0.13-4.fc40.x86_64                                            
  gdk-pixbuf2-devel-2.42.10-8.fc40.x86_64                                       
  gettext-0.22.5-2.fc40.x86_64                                                  
  glib2-devel-2.80.0-1.fc40.x86_64                                              
  graphite2-devel-1.3.14-15.fc40.x86_64                                         
  gtk3-devel-3.24.41-1.fc40.x86_64                                              
  harfbuzz-devel-8.3.0-5.fc40.x86_64                                            
  harfbuzz-icu-8.3.0-5.fc40.x86_64                                              
  libX11-devel-1.8.9-1.fc40.x86_64                                              
  libXau-devel-1.0.11-6.fc40.x86_64                                             
  libXcomposite-devel-0.4.6-3.fc40.x86_64                                       
  libXcursor-devel-1.2.1-7.fc40.x86_64                                          
  libXdamage-devel-1.1.6-3.fc40.x86_64                                          
  libXext-devel-1.3.6-1.fc40.x86_64                                             
  libXfixes-devel-6.0.1-3.fc40.x86_64                                           
  libXft-devel-2.3.8-6.fc40.x86_64                                              
  libXi-devel-1.8.1-5.fc40.x86_64                                               
  libXinerama-devel-1.1.5-6.fc40.x86_64                                         
  libXrandr-devel-1.5.4-3.fc40.x86_64                                           
  libXrender-devel-0.9.11-6.fc40.x86_64                                         
  libXtst-devel-1.2.4-6.fc40.x86_64                                             
  libblkid-devel-2.40-13.fc40.x86_64                                            
  libcloudproviders-devel-0.3.5-3.fc40.x86_64                                   
  libdatrie-devel-0.2.13-9.fc40.x86_64                                          
  libepoxy-devel-1.5.10-6.fc40.x86_64                                           
  libffi-devel-3.4.4-7.fc40.x86_64                                              
  libglvnd-core-devel-1:1.7.0-4.fc40.x86_64                                     
  libglvnd-devel-1:1.7.0-4.fc40.x86_64                                          
  libicu-devel-74.2-1.fc40.x86_64                                               
  libjpeg-turbo-devel-3.0.2-1.fc40.x86_64                                       
  libmount-devel-2.40-13.fc40.x86_64                                            
  libpng-devel-2:1.6.40-3.fc40.x86_64                                           
  libselinux-devel-3.6-4.fc40.x86_64                                            
  libsepol-devel-3.6-3.fc40.x86_64                                              
  libthai-devel-0.1.29-8.fc40.x86_64                                            
  libtiff-devel-4.6.0-2.fc40.x86_64                                             
  libwebp-devel-1.3.2-5.fc40.x86_64                                             
  libxcb-devel-1.17.0-1.fc40.x86_64                                             
  libxkbcommon-devel-1.6.0-2.fc40.x86_64                                        
  libxml2-devel-2.12.6-1.fc40.x86_64                                            
  libzstd-devel-1.5.6-1.fc40.x86_64                                             
  pango-devel-1.52.2-1.fc40.x86_64                                              
  pcre2-devel-10.42-2.fc40.2.x86_64                                             
  pcre2-utf32-10.42-2.fc40.2.x86_64                                             
  pixman-devel-0.43.4-1.fc40.x86_64                                             
  sysprof-capture-devel-46.0-1.fc40.x86_64                                      
  wayland-devel-1.22.0-3.fc40.x86_64                                            
  xorg-x11-proto-devel-2024.1-1.fc40.noarch                                     
  xz-devel-1:5.4.6-3.fc40.x86_64                                                
  zlib-ng-compat-devel-2.1.6-2.fc40.x86_64                                      

Complete!
 

Installed:
  at-spi2-atk-devel-2.52.0-1.fc40.x86_64                                        
  at-spi2-core-devel-2.52.0-1.fc40.x86_64                                       
  atk-devel-2.52.0-1.fc40.x86_64                                                
  brotli-1.1.0-3.fc40.x86_64                                                    
  brotli-devel-1.1.0-3.fc40.x86_64                                              
  bzip2-devel-1.0.8-18.fc40.x86_64                                              
  cairo-devel-1.18.0-3.fc40.x86_64                                              
  cairo-gobject-devel-1.18.0-3.fc40.x86_64                                      
  cmake-filesystem-3.28.2-1.fc40.x86_64                                         
  dbus-devel-1:1.14.10-3.fc40.x86_64                                            
  fontconfig-devel-2.15.0-4.fc40.x86_64                                         
  freetype-devel-2.13.2-5.fc40.x86_64                                           
  fribidi-devel-1.0.13-4.fc40.x86_64                                            
  gdk-pixbuf2-devel-2.42.10-8.fc40.x86_64                                       
  gettext-0.22.5-2.fc40.x86_64                                                  
  glib2-devel-2.80.0-1.fc40.x86_64                                              
  graphite2-devel-1.3.14-15.fc40.x86_64                                         
  gtk3-devel-3.24.41-1.fc40.x86_64                                              
  harfbuzz-devel-8.3.0-5.fc40.x86_64                                            
  harfbuzz-icu-8.3.0-5.fc40.x86_64                                              
  libX11-devel-1.8.9-1.fc40.x86_64                                              
  libXau-devel-1.0.11-6.fc40.x86_64                                             
  libXcomposite-devel-0.4.6-3.fc40.x86_64                                       
  libXcursor-devel-1.2.1-7.fc40.x86_64                                          
  libXdamage-devel-1.1.6-3.fc40.x86_64                                          
  libXext-devel-1.3.6-1.fc40.x86_64                                             
  libXfixes-devel-6.0.1-3.fc40.x86_64                                           
  libXft-devel-2.3.8-6.fc40.x86_64                                              
  libXi-devel-1.8.1-5.fc40.x86_64                                               
  libXinerama-devel-1.1.5-6.fc40.x86_64                                         
  libXrandr-devel-1.5.4-3.fc40.x86_64                                           
  libXrender-devel-0.9.11-6.fc40.x86_64                                         
  libXtst-devel-1.2.4-6.fc40.x86_64                                             
  libblkid-devel-2.40-13.fc40.x86_64                                            
  libcloudproviders-devel-0.3.5-3.fc40.x86_64                                   
  libdatrie-devel-0.2.13-9.fc40.x86_64                                          
  libepoxy-devel-1.5.10-6.fc40.x86_64                                           
  libffi-devel-3.4.4-7.fc40.x86_64                                              
  libglvnd-core-devel-1:1.7.0-4.fc40.x86_64                                     
  libglvnd-devel-1:1.7.0-4.fc40.x86_64                                          
  libicu-devel-74.2-1.fc40.x86_64                                               
  libjpeg-turbo-devel-3.0.2-1.fc40.x86_64                                       
  libmount-devel-2.40-13.fc40.x86_64                                            
  libpng-devel-2:1.6.40-3.fc40.x86_64                                           
  libselinux-devel-3.6-4.fc40.x86_64                                            
  libsepol-devel-3.6-3.fc40.x86_64                                              
  libthai-devel-0.1.29-8.fc40.x86_64                                            
  libtiff-devel-4.6.0-2.fc40.x86_64                                             
  libwebp-devel-1.3.2-5.fc40.x86_64                                             
  libxcb-devel-1.17.0-1.fc40.x86_64                                             
  libxkbcommon-devel-1.6.0-2.fc40.x86_64                                        
  libxml2-devel-2.12.6-1.fc40.x86_64                                            
  libzstd-devel-1.5.6-1.fc40.x86_64                                             
  pango-devel-1.52.2-1.fc40.x86_64                                              
  pcre2-devel-10.42-2.fc40.2.x86_64                                             
  pcre2-utf32-10.42-2.fc40.2.x86_64                                             
  pixman-devel-0.43.4-1.fc40.x86_64                                             
  sysprof-capture-devel-46.0-1.fc40.x86_64                                      
  wayland-devel-1.22.0-3.fc40.x86_64                                            
  xorg-x11-proto-devel-2024.1-1.fc40.noarch                                     
  xz-devel-1:5.4.6-3.fc40.x86_64                                                
  zlib-ng-compat-devel-2.1.6-2.fc40.x86_64                                      

Complete!
[1A[K[32m[OK][m gtk3-devel was installed.
[32m[OK][m cairo-devel is already installed. Skipping...
[33m[NOTE][m Installing glib-devel ...
Last metadata expiration check: 0:20:58 ago on Sat 04 May 2024 09:26:55 AM EDT.
Last metadata expiration check: 0:20:58 ago on Sat 04 May 2024 09:26:55 AM EDT.
Dependencies resolved.
Dependencies resolved.
================================================================================
 Package           Architecture  Version                    Repository     Size
================================================================================
Installing:
 glib-devel        x86_64        1:1.2.10-73.fc40           fedora         38 k
Installing dependencies:
 glib              x86_64        1:1.2.10-73.fc40           fedora        143 k

Transaction Summary
================================================================================
Install  2 Packages

Total download size: 181 k
Installed size: 500 k
Downloading Packages:
================================================================================
 Package           Architecture  Version                    Repository     Size
================================================================================
Installing:
 glib-devel        x86_64        1:1.2.10-73.fc40           fedora         38 k
Installing dependencies:
 glib              x86_64        1:1.2.10-73.fc40           fedora        143 k

Transaction Summary
================================================================================
Install  2 Packages

Total download size: 181 k
Installed size: 500 k
Downloading Packages:
(1/2): glib-devel-1.2.10-73.fc40.x86_64.rpm     190 kB/s |  38 kB     00:00    
(1/2): glib-devel-1.2.10-73.fc40.x86_64.rpm     190 kB/s |  38 kB     00:00    
(2/2): glib-1.2.10-73.fc40.x86_64.rpm           259 kB/s | 143 kB     00:00    
--------------------------------------------------------------------------------
Total                                           174 kB/s | 181 kB     00:01     
(2/2): glib-1.2.10-73.fc40.x86_64.rpm           259 kB/s | 143 kB     00:00    
--------------------------------------------------------------------------------
Total                                           174 kB/s | 181 kB     00:01     
Running transaction check
Running transaction check
Transaction check succeeded.
Running transaction test
Transaction check succeeded.
Running transaction test
Transaction test succeeded.
Running transaction
Transaction test succeeded.
Running transaction
  Preparing        :                                                        1/1  Preparing        :                                                        1/1 
  Installing       : glib-1:1.2.10-73.fc40.x86_64                           1/2 
  Installing       : glib-1:1.2.10-73.fc40.x86_64                           1/2 
  Installing       : glib-devel-1:1.2.10-73.fc40.x86_64                     2/2 
  Installing       : glib-devel-1:1.2.10-73.fc40.x86_64                     2/2 
  Running scriptlet: glib-devel-1:1.2.10-73.fc40.x86_64                     2/2 
  Running scriptlet: glib-devel-1:1.2.10-73.fc40.x86_64                     2/2 

Installed:
  glib-1:1.2.10-73.fc40.x86_64        glib-devel-1:1.2.10-73.fc40.x86_64       

Complete!
 

Installed:
  glib-1:1.2.10-73.fc40.x86_64        glib-devel-1:1.2.10-73.fc40.x86_64       

Complete!
[1A[K[32m[OK][m glib-devel was installed.
