[33m[NOTE][m Installing hyprland ...
Last metadata expiration check: 0:10:16 ago on Sat 04 May 2024 09:26:55 AM EDT.
Last metadata expiration check: 0:10:16 ago on Sat 04 May 2024 09:26:55 AM EDT.
Dependencies resolved.
Dependencies resolved.
==============================================================================================================
 Package                       Arch    Version        Repository                                          Size
==============================================================================================================
Installing:
 hyprland                      x86_64  0.39.1-2.fc40  copr:copr.fedorainfracloud.org:solopasha:hyprland   46 M
Installing dependencies:
 hyprcursor                    x86_64  0.1.8-1.fc40   copr:copr.fedorainfracloud.org:solopasha:hyprland  209 k
 libXdmcp                      x86_64  1.1.4-3.fc40   fedora                                              36 k
 libXfont2                     x86_64  2.0.6-3.fc40   fedora                                             146 k
 libdisplay-info               x86_64  0.1.1-4.fc40   fedora                                              80 k
 libei                         x86_64  1.2.1-1.fc40   fedora                                              49 k
 libfontenc                    x86_64  1.1.7-3.fc40   fedora                                              32 k
 libglvnd-gles                 x86_64  1:1.7.0-4.fc40 fedora                                              29 k
 libliftoff                    x86_64  0.4.1-4.fc40   fedora                                              25 k
 liboeffis                     x86_64  1.2.1-1.fc40   fedora                                              22 k
 libseat                       x86_64  0.8.0-2.fc40   fedora                                              28 k
 libxcvt                       x86_64  0.1.2-6.fc40   fedora                                              14 k
 libxkbfile                    x86_64  1.1.3-1.fc40   fedora                                              92 k
 python3-cairo                 x86_64  1.25.1-3.fc40  fedora                                             125 k
 python3-dasbus                noarch  1.7-6.fc40     fedora                                             121 k
 python3-gobject               x86_64  3.48.2-1.fc40  updates                                             16 k
 python3-i3ipc                 noarch  2.2.1-11.fc40  fedora                                              70 k
 python3-xlib                  noarch  0.33-6.fc40    fedora                                             351 k
 tomlplusplus                  x86_64  3.4.0-2.fc40   fedora                                             101 k
 wlr-randr                     x86_64  0.4.1-1.fc40   fedora                                              20 k
 xkbcomp                       x86_64  1.4.7-1.fc40   fedora                                             100 k
 xorg-x11-server-Xwayland      x86_64  23.2.6-1.fc40  updates                                            994 k
Installing weak dependencies:
 hyprpicker                    x86_64  0.2.0-2.fc40   copr:copr.fedorainfracloud.org:solopasha:hyprland   34 k
 nwg-panel                     noarch  0.9.25-1.fc40  fedora                                             416 k
 pulseaudio-utils              x86_64  16.1-7.fc40    fedora                                              82 k
 python3-netifaces             x86_64  0.11.0-9.fc40  fedora                                              22 k
 python3-psutil                x86_64  5.9.8-1.fc40   fedora                                             269 k
 wofi                          x86_64  1.3-4.fc40     fedora                                              78 k
 xdg-desktop-portal-hyprland   x86_64  1:1.3.1-4.fc40 copr:copr.fedorainfracloud.org:solopasha:hyprland  213 k

Transaction Summary
==============================================================================================================
Install  29 Packages

==============================================================================================================
 Package                       Arch    Version        Repository                                          Size
==============================================================================================================
Installing:
 hyprland                      x86_64  0.39.1-2.fc40  copr:copr.fedorainfracloud.org:solopasha:hyprland   46 M
Installing dependencies:
 hyprcursor                    x86_64  0.1.8-1.fc40   copr:copr.fedorainfracloud.org:solopasha:hyprland  209 k
 libXdmcp                      x86_64  1.1.4-3.fc40   fedora                                              36 k
 libXfont2                     x86_64  2.0.6-3.fc40   fedora                                             146 k
 libdisplay-info               x86_64  0.1.1-4.fc40   fedora                                              80 k
 libei                         x86_64  1.2.1-1.fc40   fedora                                              49 k
 libfontenc                    x86_64  1.1.7-3.fc40   fedora                                              32 k
 libglvnd-gles                 x86_64  1:1.7.0-4.fc40 fedora                                              29 k
 libliftoff                    x86_64  0.4.1-4.fc40   fedora                                              25 k
 liboeffis                     x86_64  1.2.1-1.fc40   fedora                                              22 k
 libseat                       x86_64  0.8.0-2.fc40   fedora                                              28 k
 libxcvt                       x86_64  0.1.2-6.fc40   fedora                                              14 k
 libxkbfile                    x86_64  1.1.3-1.fc40   fedora                                              92 k
 python3-cairo                 x86_64  1.25.1-3.fc40  fedora                                             125 k
 python3-dasbus                noarch  1.7-6.fc40     fedora                                             121 k
 python3-gobject               x86_64  3.48.2-1.fc40  updates                                             16 k
 python3-i3ipc                 noarch  2.2.1-11.fc40  fedora                                              70 k
 python3-xlib                  noarch  0.33-6.fc40    fedora                                             351 k
 tomlplusplus                  x86_64  3.4.0-2.fc40   fedora                                             101 k
 wlr-randr                     x86_64  0.4.1-1.fc40   fedora                                              20 k
 xkbcomp                       x86_64  1.4.7-1.fc40   fedora                                             100 k
 xorg-x11-server-Xwayland      x86_64  23.2.6-1.fc40  updates                                            994 k
Installing weak dependencies:
 hyprpicker                    x86_64  0.2.0-2.fc40   copr:copr.fedorainfracloud.org:solopasha:hyprland   34 k
 nwg-panel                     noarch  0.9.25-1.fc40  fedora                                             416 k
 pulseaudio-utils              x86_64  16.1-7.fc40    fedora                                              82 k
 python3-netifaces             x86_64  0.11.0-9.fc40  fedora                                              22 k
 python3-psutil                x86_64  5.9.8-1.fc40   fedora                                             269 k
 wofi                          x86_64  1.3-4.fc40     fedora                                              78 k
 xdg-desktop-portal-hyprland   x86_64  1:1.3.1-4.fc40 copr:copr.fedorainfracloud.org:solopasha:hyprland  213 k

Transaction Summary
==============================================================================================================
Install  29 Packages

Total download size: 50 M
Total download size: 50 M
Installed size: 63 M
Installed size: 63 M
Downloading Packages:
Downloading Packages:
(1/29): libXdmcp-1.1.4-3.fc40.x86_64.rpm        139 kB/s |  36 kB     00:00    
(1/29): libXdmcp-1.1.4-3.fc40.x86_64.rpm        139 kB/s |  36 kB     00:00    
(2/29): hyprpicker-0.2.0-2.fc40.x86_64.rpm       85 kB/s |  34 kB     00:00    
(2/29): hyprpicker-0.2.0-2.fc40.x86_64.rpm       85 kB/s |  34 kB     00:00    
(3/29): libdisplay-info-0.1.1-4.fc40.x86_64.rpm 280 kB/s |  80 kB     00:00    
(3/29): libdisplay-info-0.1.1-4.fc40.x86_64.rpm 280 kB/s |  80 kB     00:00    
(4/29): libei-1.2.1-1.fc40.x86_64.rpm           120 kB/s |  49 kB     00:00    
(4/29): libei-1.2.1-1.fc40.x86_64.rpm           120 kB/s |  49 kB     00:00    
(5/29): libXfont2-2.0.6-3.fc40.x86_64.rpm       137 kB/s | 146 kB     00:01    
(5/29): libXfont2-2.0.6-3.fc40.x86_64.rpm       137 kB/s | 146 kB     00:01    
(6/29): libfontenc-1.1.7-3.fc40.x86_64.rpm       87 kB/s |  32 kB     00:00    
(6/29): libfontenc-1.1.7-3.fc40.x86_64.rpm       87 kB/s |  32 kB     00:00    
(7/29): hyprcursor-0.1.8-1.fc40.x86_64.rpm      131 kB/s | 209 kB     00:01    
(7/29): hyprcursor-0.1.8-1.fc40.x86_64.rpm      131 kB/s | 209 kB     00:01    
(8/29): libliftoff-0.4.1-4.fc40.x86_64.rpm       59 kB/s |  25 kB     00:00    
(8/29): libliftoff-0.4.1-4.fc40.x86_64.rpm       59 kB/s |  25 kB     00:00    
(9/29): libglvnd-gles-1.7.0-4.fc40.x86_64.rpm    40 kB/s |  29 kB     00:00    
(9/29): libglvnd-gles-1.7.0-4.fc40.x86_64.rpm    40 kB/s |  29 kB     00:00    
(10/29): libseat-0.8.0-2.fc40.x86_64.rpm         71 kB/s |  28 kB     00:00    
(10/29): libseat-0.8.0-2.fc40.x86_64.rpm         71 kB/s |  28 kB     00:00    
(11/29): libxcvt-0.1.2-6.fc40.x86_64.rpm         26 kB/s |  14 kB     00:00    
(11/29): libxcvt-0.1.2-6.fc40.x86_64.rpm         26 kB/s |  14 kB     00:00    
(12/29): xdg-desktop-portal-hyprland-1.3.1-4.fc 109 kB/s | 213 kB     00:01    
(12/29): xdg-desktop-portal-hyprland-1.3.1-4.fc 109 kB/s | 213 kB     00:01    
(13/29): liboeffis-1.2.1-1.fc40.x86_64.rpm       28 kB/s |  22 kB     00:00    
(13/29): liboeffis-1.2.1-1.fc40.x86_64.rpm       28 kB/s |  22 kB     00:00    
(14/29): python3-cairo-1.25.1-3.fc40.x86_64.rpm 145 kB/s | 125 kB     00:00    
(14/29): python3-cairo-1.25.1-3.fc40.x86_64.rpm 145 kB/s | 125 kB     00:00    
(15/29): libxkbfile-1.1.3-1.fc40.x86_64.rpm      69 kB/s |  92 kB     00:01    
(15/29): libxkbfile-1.1.3-1.fc40.x86_64.rpm      69 kB/s |  92 kB     00:01    
(16/29): pulseaudio-utils-16.1-7.fc40.x86_64.rp  63 kB/s |  82 kB     00:01    
(16/29): pulseaudio-utils-16.1-7.fc40.x86_64.rp  63 kB/s |  82 kB     00:01    
(17/29): python3-dasbus-1.7-6.fc40.noarch.rpm   136 kB/s | 121 kB     00:00    
(17/29): python3-dasbus-1.7-6.fc40.noarch.rpm   136 kB/s | 121 kB     00:00    
(18/29): python3-netifaces-0.11.0-9.fc40.x86_64  43 kB/s |  22 kB     00:00    
(18/29): python3-netifaces-0.11.0-9.fc40.x86_64  43 kB/s |  22 kB     00:00    
(19/29): python3-i3ipc-2.2.1-11.fc40.noarch.rpm  58 kB/s |  70 kB     00:01    
(19/29): python3-i3ipc-2.2.1-11.fc40.noarch.rpm  58 kB/s |  70 kB     00:01    
(20/29): nwg-panel-0.9.25-1.fc40.noarch.rpm     129 kB/s | 416 kB     00:03    
(20/29): nwg-panel-0.9.25-1.fc40.noarch.rpm     129 kB/s | 416 kB     00:03    
(21/29): wlr-randr-0.4.1-1.fc40.x86_64.rpm       65 kB/s |  20 kB     00:00    
(21/29): wlr-randr-0.4.1-1.fc40.x86_64.rpm       65 kB/s |  20 kB     00:00    
(22/29): tomlplusplus-3.4.0-2.fc40.x86_64.rpm    80 kB/s | 101 kB     00:01    
(22/29): tomlplusplus-3.4.0-2.fc40.x86_64.rpm    80 kB/s | 101 kB     00:01    
(23/29): python3-xlib-0.33-6.fc40.noarch.rpm    190 kB/s | 351 kB     00:01    
(23/29): python3-xlib-0.33-6.fc40.noarch.rpm    190 kB/s | 351 kB     00:01    
(24/29): python3-gobject-3.48.2-1.fc40.x86_64.r  54 kB/s |  16 kB     00:00    
(24/29): python3-gobject-3.48.2-1.fc40.x86_64.r  54 kB/s |  16 kB     00:00    
(25/29): xkbcomp-1.4.7-1.fc40.x86_64.rpm        185 kB/s | 100 kB     00:00    
(25/29): xkbcomp-1.4.7-1.fc40.x86_64.rpm        185 kB/s | 100 kB     00:00    
(26/29): python3-psutil-5.9.8-1.fc40.x86_64.rpm  91 kB/s | 269 kB     00:02    
(26/29): python3-psutil-5.9.8-1.fc40.x86_64.rpm  91 kB/s | 269 kB     00:02    
(27/29): wofi-1.3-4.fc40.x86_64.rpm              56 kB/s |  78 kB     00:01    
(27/29): wofi-1.3-4.fc40.x86_64.rpm              56 kB/s |  78 kB     00:01    
(28/29): xorg-x11-server-Xwayland-23.2.6-1.fc40 429 kB/s | 994 kB     00:02    
(28/29): xorg-x11-server-Xwayland-23.2.6-1.fc40 429 kB/s | 994 kB     00:02    
(29/29): hyprland-0.39.1-2.fc40.x86_64.rpm      964 kB/s |  46 MB     00:48    
(29/29): hyprland-0.39.1-2.fc40.x86_64.rpm      964 kB/s |  46 MB     00:48    
--------------------------------------------------------------------------------
Total                                           1.0 MB/s |  50 MB     00:50     
--------------------------------------------------------------------------------
Total                                           1.0 MB/s |  50 MB     00:50     
Running transaction check
Running transaction check
Transaction check succeeded.
Running transaction test
Transaction check succeeded.
Running transaction test
Transaction test succeeded.
Running transaction
Transaction test succeeded.
Running transaction
  Preparing        :                                                        1/1  Preparing        :                                                        1/1 
  Installing       : tomlplusplus-3.4.0-2.fc40.x86_64                      1/29 
  Installing       : tomlplusplus-3.4.0-2.fc40.x86_64                      1/29 
  Installing       : hyprcursor-0.1.8-1.fc40.x86_64                        2/29 
  Installing       : hyprcursor-0.1.8-1.fc40.x86_64                        2/29 
  Installing       : wofi-1.3-4.fc40.x86_64                                3/29 
  Installing       : wofi-1.3-4.fc40.x86_64                                3/29 
  Installing       : wlr-randr-0.4.1-1.fc40.x86_64                         4/29 
  Installing       : wlr-randr-0.4.1-1.fc40.x86_64                         4/29 
  Installing       : python3-xlib-0.33-6.fc40.noarch                       5/29 
  Installing       : python3-xlib-0.33-6.fc40.noarch                       5/29 
  Installing       : python3-i3ipc-2.2.1-11.fc40.noarch                    6/29 
  Installing       : python3-i3ipc-2.2.1-11.fc40.noarch                    6/29 
  Installing       : python3-psutil-5.9.8-1.fc40.x86_64                    7/29 
  Installing       : python3-psutil-5.9.8-1.fc40.x86_64                    7/29 
  Installing       : python3-netifaces-0.11.0-9.fc40.x86_64                8/29 
  Installing       : python3-netifaces-0.11.0-9.fc40.x86_64                8/29 
  Installing       : python3-dasbus-1.7-6.fc40.noarch                      9/29 
  Installing       : python3-dasbus-1.7-6.fc40.noarch                      9/29 
  Installing       : python3-cairo-1.25.1-3.fc40.x86_64                   10/29 
  Installing       : python3-cairo-1.25.1-3.fc40.x86_64                   10/29 
  Installing       : python3-gobject-3.48.2-1.fc40.x86_64                 11/29 
  Installing       : python3-gobject-3.48.2-1.fc40.x86_64                 11/29 
  Installing       : pulseaudio-utils-16.1-7.fc40.x86_64                  12/29 
  Installing       : pulseaudio-utils-16.1-7.fc40.x86_64                  12/29 
  Installing       : nwg-panel-0.9.25-1.fc40.noarch                       13/29 
  Installing       : nwg-panel-0.9.25-1.fc40.noarch                       13/29 
  Running scriptlet: nwg-panel-0.9.25-1.fc40.noarch                       13/29 
  Running scriptlet: nwg-panel-0.9.25-1.fc40.noarch                       13/29 
  Installing       : libxkbfile-1.1.3-1.fc40.x86_64                       14/29 
  Installing       : libxkbfile-1.1.3-1.fc40.x86_64                       14/29 
  Installing       : xkbcomp-1.4.7-1.fc40.x86_64                          15/29 
  Installing       : xkbcomp-1.4.7-1.fc40.x86_64                          15/29 
  Installing       : libxcvt-0.1.2-6.fc40.x86_64                          16/29 
  Installing       : libxcvt-0.1.2-6.fc40.x86_64                          16/29 
  Installing       : libseat-0.8.0-2.fc40.x86_64                          17/29 
  Installing       : libseat-0.8.0-2.fc40.x86_64                          17/29 
  Installing       : liboeffis-1.2.1-1.fc40.x86_64                        18/29 
  Installing       : liboeffis-1.2.1-1.fc40.x86_64                        18/29 
  Installing       : libliftoff-0.4.1-4.fc40.x86_64                       19/29 
  Installing       : libliftoff-0.4.1-4.fc40.x86_64                       19/29 
  Installing       : libglvnd-gles-1:1.7.0-4.fc40.x86_64                  20/29 
  Installing       : libglvnd-gles-1:1.7.0-4.fc40.x86_64                  20/29 
  Installing       : libfontenc-1.1.7-3.fc40.x86_64                       21/29 
  Installing       : libfontenc-1.1.7-3.fc40.x86_64                       21/29 
  Installing       : libXfont2-2.0.6-3.fc40.x86_64                        22/29 
  Installing       : libXfont2-2.0.6-3.fc40.x86_64                        22/29 
  Installing       : libei-1.2.1-1.fc40.x86_64                            23/29 
  Installing       : libei-1.2.1-1.fc40.x86_64                            23/29 
  Installing       : libdisplay-info-0.1.1-4.fc40.x86_64                  24/29 
  Installing       : libdisplay-info-0.1.1-4.fc40.x86_64                  24/29 
  Installing       : libXdmcp-1.1.4-3.fc40.x86_64                         25/29 
  Installing       : libXdmcp-1.1.4-3.fc40.x86_64                         25/29 
  Installing       : xorg-x11-server-Xwayland-23.2.6-1.fc40.x86_64        26/29 
  Installing       : xorg-x11-server-Xwayland-23.2.6-1.fc40.x86_64        26/29 
  Installing       : hyprpicker-0.2.0-2.fc40.x86_64                       27/29 
  Installing       : hyprpicker-0.2.0-2.fc40.x86_64                       27/29 
  Installing       : xdg-desktop-portal-hyprland-1:1.3.1-4.fc40.x86_64    28/29 
  Installing       : xdg-desktop-portal-hyprland-1:1.3.1-4.fc40.x86_64    28/29 
  Running scriptlet: xdg-desktop-portal-hyprland-1:1.3.1-4.fc40.x86_64    28/29 
  Running scriptlet: xdg-desktop-portal-hyprland-1:1.3.1-4.fc40.x86_64    28/29 
  Installing       : hyprland-0.39.1-2.fc40.x86_64                        29/29 
  Installing       : hyprland-0.39.1-2.fc40.x86_64                        29/29 
  Running scriptlet: hyprland-0.39.1-2.fc40.x86_64                        29/29 
  Running scriptlet: hyprland-0.39.1-2.fc40.x86_64                        29/29 

Installed:
  hyprcursor-0.1.8-1.fc40.x86_64                                                
  hyprland-0.39.1-2.fc40.x86_64                                                 
  hyprpicker-0.2.0-2.fc40.x86_64                                                
  libXdmcp-1.1.4-3.fc40.x86_64                                                  
  libXfont2-2.0.6-3.fc40.x86_64                                                 
  libdisplay-info-0.1.1-4.fc40.x86_64                                           
  libei-1.2.1-1.fc40.x86_64                                                     
  libfontenc-1.1.7-3.fc40.x86_64                                                
  libglvnd-gles-1:1.7.0-4.fc40.x86_64                                           
  libliftoff-0.4.1-4.fc40.x86_64                                                
  liboeffis-1.2.1-1.fc40.x86_64                                                 
  libseat-0.8.0-2.fc40.x86_64                                                   
  libxcvt-0.1.2-6.fc40.x86_64                                                   
  libxkbfile-1.1.3-1.fc40.x86_64                                                
  nwg-panel-0.9.25-1.fc40.noarch                                                
  pulseaudio-utils-16.1-7.fc40.x86_64                                           
  python3-cairo-1.25.1-3.fc40.x86_64                                            
  python3-dasbus-1.7-6.fc40.noarch                                              
  python3-gobject-3.48.2-1.fc40.x86_64                                          
  python3-i3ipc-2.2.1-11.fc40.noarch                                            
  python3-netifaces-0.11.0-9.fc40.x86_64                                        
  python3-psutil-5.9.8-1.fc40.x86_64                                            
  python3-xlib-0.33-6.fc40.noarch                                               
  tomlplusplus-3.4.0-2.fc40.x86_64                                              
  wlr-randr-0.4.1-1.fc40.x86_64                                                 
  wofi-1.3-4.fc40.x86_64                                                        
  xdg-desktop-portal-hyprland-1:1.3.1-4.fc40.x86_64                             
  xkbcomp-1.4.7-1.fc40.x86_64                                                   
  xorg-x11-server-Xwayland-23.2.6-1.fc40.x86_64                                 

Complete!
 

Installed:
  hyprcursor-0.1.8-1.fc40.x86_64                                                
  hyprland-0.39.1-2.fc40.x86_64                                                 
  hyprpicker-0.2.0-2.fc40.x86_64                                                
  libXdmcp-1.1.4-3.fc40.x86_64                                                  
  libXfont2-2.0.6-3.fc40.x86_64                                                 
  libdisplay-info-0.1.1-4.fc40.x86_64                                           
  libei-1.2.1-1.fc40.x86_64                                                     
  libfontenc-1.1.7-3.fc40.x86_64                                                
  libglvnd-gles-1:1.7.0-4.fc40.x86_64                                           
  libliftoff-0.4.1-4.fc40.x86_64                                                
  liboeffis-1.2.1-1.fc40.x86_64                                                 
  libseat-0.8.0-2.fc40.x86_64                                                   
  libxcvt-0.1.2-6.fc40.x86_64                                                   
  libxkbfile-1.1.3-1.fc40.x86_64                                                
  nwg-panel-0.9.25-1.fc40.noarch                                                
  pulseaudio-utils-16.1-7.fc40.x86_64                                           
  python3-cairo-1.25.1-3.fc40.x86_64                                            
  python3-dasbus-1.7-6.fc40.noarch                                              
  python3-gobject-3.48.2-1.fc40.x86_64                                          
  python3-i3ipc-2.2.1-11.fc40.noarch                                            
  python3-netifaces-0.11.0-9.fc40.x86_64                                        
  python3-psutil-5.9.8-1.fc40.x86_64                                            
  python3-xlib-0.33-6.fc40.noarch                                               
  tomlplusplus-3.4.0-2.fc40.x86_64                                              
  wlr-randr-0.4.1-1.fc40.x86_64                                                 
  wofi-1.3-4.fc40.x86_64                                                        
  xdg-desktop-portal-hyprland-1:1.3.1-4.fc40.x86_64                             
  xkbcomp-1.4.7-1.fc40.x86_64                                                   
  xorg-x11-server-Xwayland-23.2.6-1.fc40.x86_64                                 

Complete!
[1A[K[32m[OK][m hyprland was installed.
[32m[OK][m hyprcursor is already installed. Skipping...
