Enabling a Copr repository. Please note that this repository is not part
of the main distribution, and quality may vary.

The Fedora Project does not exercise any power over the contents of
this repository beyond the rules outlined in the Copr FAQ at
<https://docs.pagure.org/copr.copr/user_documentation.html#what-i-can-build-in-copr>,
and packages are not held to any quality or security level.

Please do not file bug reports about these packages in Fedora
Bugzilla. In case of problems, contact the owner of this repository.
Repository successfully enabled.
Enabling a Copr repository. Please note that this repository is not part
of the main distribution, and quality may vary.

The Fedora Project does not exercise any power over the contents of
this repository beyond the rules outlined in the Copr FAQ at
<https://docs.pagure.org/copr.copr/user_documentation.html#what-i-can-build-in-copr>,
and packages are not held to any quality or security level.

Please do not file bug reports about these packages in Fedora
Bugzilla. In case of problems, contact the owner of this repository.
Repository successfully enabled.
Enabling a Copr repository. Please note that this repository is not part
of the main distribution, and quality may vary.

The Fedora Project does not exercise any power over the contents of
this repository beyond the rules outlined in the Copr FAQ at
<https://docs.pagure.org/copr.copr/user_documentation.html#what-i-can-build-in-copr>,
and packages are not held to any quality or security level.

Please do not file bug reports about these packages in Fedora
Bugzilla. In case of problems, contact the owner of this repository.
Repository successfully enabled.
Enabling a Copr repository. Please note that this repository is not part
of the main distribution, and quality may vary.

The Fedora Project does not exercise any power over the contents of
this repository beyond the rules outlined in the Copr FAQ at
<https://docs.pagure.org/copr.copr/user_documentation.html#what-i-can-build-in-copr>,
and packages are not held to any quality or security level.

Please do not file bug reports about these packages in Fedora
Bugzilla. In case of problems, contact the owner of this repository.
Repository successfully enabled.
